<?xml version='1.0' encoding='UTF-8'?>
<testsuite hostname="Ganesh-PC" name="CheckoutTest" tests="2" errors="0" failures="0" skipped="0" time="0.018" timestamp="2024-07-02T13:02:35">
          <properties>
[...]
</properties>
          <testcase classname="CheckoutTest" name="Calculate total without offers" time="0.017">
                      
                    </testcase><testcase classname="CheckoutTest" name="Calculate total with offers" time="0.001">
                      
                    </testcase>
          <system-out><![CDATA[]]></system-out>
          <system-err><![CDATA[]]></system-err>
        </testsuite>